<?xml version="1.0" encoding="UTF-8"?>
<testng-results skipped="0" failed="0" total="1" passed="1">
  <reporter-output>
  </reporter-output>
  <suite name="Default suite" duration-ms="1320" started-at="2017-06-02T03:48:02Z" finished-at="2017-06-02T03:48:04Z">
    <groups>
    </groups>
    <test name="Default test" duration-ms="1320" started-at="2017-06-02T03:48:02Z" finished-at="2017-06-02T03:48:04Z">
      <class name="springtest.CostTest">
        <test-method status="PASS" signature="springTestContextBeforeTestClass()[pri:0, instance:springtest.CostTest@5f9d02cb]" name="springTestContextBeforeTestClass" is-config="true" duration-ms="8" started-at="2017-06-02T11:48:02Z" finished-at="2017-06-02T11:48:02Z">
          <reporter-output>
          </reporter-output>
        </test-method> <!-- springTestContextBeforeTestClass -->
        <test-method status="PASS" signature="springTestContextPrepareTestInstance()[pri:0, instance:springtest.CostTest@5f9d02cb]" name="springTestContextPrepareTestInstance" is-config="true" duration-ms="900" started-at="2017-06-02T11:48:02Z" depends-on-methods="org.springframework.test.context.testng.AbstractTestNGSpringContextTests.springTestContextBeforeTestClass" finished-at="2017-06-02T11:48:03Z">
          <reporter-output>
          </reporter-output>
        </test-method> <!-- springTestContextPrepareTestInstance -->
        <test-method status="PASS" signature="springTestContextBeforeTestMethod(java.lang.reflect.Method)[pri:0, instance:springtest.CostTest@5f9d02cb]" name="springTestContextBeforeTestMethod" is-config="true" duration-ms="296" started-at="2017-06-02T11:48:03Z" finished-at="2017-06-02T11:48:04Z">
          <params>
            <param index="0">
              <value>
                <![CDATA[public void springtest.CostTest.testaddCost()]]>
              </value>
            </param>
          </params>
          <reporter-output>
          </reporter-output>
        </test-method> <!-- springTestContextBeforeTestMethod -->
        <test-method status="PASS" signature="testaddCost()[pri:0, instance:springtest.CostTest@5f9d02cb]" name="testaddCost" duration-ms="100" started-at="2017-06-02T11:48:04Z" finished-at="2017-06-02T11:48:04Z">
          <reporter-output>
          </reporter-output>
        </test-method> <!-- testaddCost -->
        <test-method status="PASS" signature="springTestContextAfterTestMethod(java.lang.reflect.Method)[pri:0, instance:springtest.CostTest@5f9d02cb]" name="springTestContextAfterTestMethod" is-config="true" duration-ms="4" started-at="2017-06-02T11:48:04Z" finished-at="2017-06-02T11:48:04Z">
          <params>
            <param index="0">
              <value>
                <![CDATA[public void springtest.CostTest.testaddCost()]]>
              </value>
            </param>
          </params>
          <reporter-output>
          </reporter-output>
        </test-method> <!-- springTestContextAfterTestMethod -->
        <test-method status="PASS" signature="springTestContextAfterTestClass()[pri:0, instance:springtest.CostTest@5f9d02cb]" name="springTestContextAfterTestClass" is-config="true" duration-ms="0" started-at="2017-06-02T11:48:04Z" finished-at="2017-06-02T11:48:04Z">
          <reporter-output>
          </reporter-output>
        </test-method> <!-- springTestContextAfterTestClass -->
      </class> <!-- springtest.CostTest -->
    </test> <!-- Default test -->
  </suite> <!-- Default suite -->
</testng-results>
