<?xml version="1.0" encoding="UTF-8"?>
<testng-results skipped="0" failed="0" total="1" passed="1">
  <reporter-output>
  </reporter-output>
  <suite name="Default suite" duration-ms="1405" started-at="2017-05-24T09:56:29Z" finished-at="2017-05-24T09:56:30Z">
    <groups>
    </groups>
    <test name="Default test" duration-ms="1405" started-at="2017-05-24T09:56:29Z" finished-at="2017-05-24T09:56:30Z">
      <class name="springtest.CostTest">
        <test-method status="PASS" signature="springTestContextBeforeTestClass()[pri:0, instance:springtest.CostTest@5f9d02cb]" name="springTestContextBeforeTestClass" is-config="true" duration-ms="9" started-at="2017-05-24T17:56:29Z" finished-at="2017-05-24T17:56:29Z">
          <reporter-output>
          </reporter-output>
        </test-method> <!-- springTestContextBeforeTestClass -->
        <test-method status="PASS" signature="springTestContextPrepareTestInstance()[pri:0, instance:springtest.CostTest@5f9d02cb]" name="springTestContextPrepareTestInstance" is-config="true" duration-ms="990" started-at="2017-05-24T17:56:29Z" depends-on-methods="org.springframework.test.context.testng.AbstractTestNGSpringContextTests.springTestContextBeforeTestClass" finished-at="2017-05-24T17:56:30Z">
          <reporter-output>
          </reporter-output>
        </test-method> <!-- springTestContextPrepareTestInstance -->
        <test-method status="PASS" signature="springTestContextBeforeTestMethod(java.lang.reflect.Method)[pri:0, instance:springtest.CostTest@5f9d02cb]" name="springTestContextBeforeTestMethod" is-config="true" duration-ms="283" started-at="2017-05-24T17:56:30Z" finished-at="2017-05-24T17:56:30Z">
          <params>
            <param index="0">
              <value>
                <![CDATA[public void springtest.CostTest.testGetPage()]]>
              </value>
            </param>
          </params>
          <reporter-output>
          </reporter-output>
        </test-method> <!-- springTestContextBeforeTestMethod -->
        <test-method status="PASS" signature="testGetPage()[pri:0, instance:springtest.CostTest@5f9d02cb]" name="testGetPage" duration-ms="101" started-at="2017-05-24T17:56:30Z" finished-at="2017-05-24T17:56:30Z">
          <reporter-output>
          </reporter-output>
        </test-method> <!-- testGetPage -->
        <test-method status="PASS" signature="springTestContextAfterTestMethod(java.lang.reflect.Method)[pri:0, instance:springtest.CostTest@5f9d02cb]" name="springTestContextAfterTestMethod" is-config="true" duration-ms="8" started-at="2017-05-24T17:56:30Z" finished-at="2017-05-24T17:56:30Z">
          <params>
            <param index="0">
              <value>
                <![CDATA[public void springtest.CostTest.testGetPage()]]>
              </value>
            </param>
          </params>
          <reporter-output>
          </reporter-output>
        </test-method> <!-- springTestContextAfterTestMethod -->
        <test-method status="PASS" signature="springTestContextAfterTestClass()[pri:0, instance:springtest.CostTest@5f9d02cb]" name="springTestContextAfterTestClass" is-config="true" duration-ms="0" started-at="2017-05-24T17:56:30Z" finished-at="2017-05-24T17:56:30Z">
          <reporter-output>
          </reporter-output>
        </test-method> <!-- springTestContextAfterTestClass -->
      </class> <!-- springtest.CostTest -->
    </test> <!-- Default test -->
  </suite> <!-- Default suite -->
</testng-results>
